
You entered  model_2
Train on 300 samples, validate on 150 samples
Epoch 1/50

100/300 [=========>....................] - ETA: 0s - loss: 6.7502 - acc: 0.0200
200/300 [===================>..........] - ETA: 0s - loss: 6.0057 - acc: 0.0150
300/300 [==============================] - 1s 3ms/step - loss: 5.5713 - acc: 0.0167 - val_loss: 3.6476 - val_acc: 0.0267
Epoch 2/50

100/300 [=========>....................] - ETA: 0s - loss: 3.5316 - acc: 0.0700
200/300 [===================>..........] - ETA: 0s - loss: 3.6099 - acc: 0.0500
300/300 [==============================] - 0s 1ms/step - loss: 3.5813 - acc: 0.0567 - val_loss: 3.5562 - val_acc: 0.0800
Epoch 3/50

100/300 [=========>....................] - ETA: 0s - loss: 3.2431 - acc: 0.1300
200/300 [===================>..........] - ETA: 0s - loss: 3.2766 - acc: 0.1100
300/300 [==============================] - 0s 1ms/step - loss: 3.2726 - acc: 0.0967 - val_loss: 3.4903 - val_acc: 0.0667
Epoch 4/50

100/300 [=========>....................] - ETA: 0s - loss: 2.9251 - acc: 0.2400
200/300 [===================>..........] - ETA: 0s - loss: 3.0520 - acc: 0.1950
300/300 [==============================] - 0s 1ms/step - loss: 3.0699 - acc: 0.1900 - val_loss: 3.4663 - val_acc: 0.0933
Epoch 5/50

100/300 [=========>....................] - ETA: 0s - loss: 2.7851 - acc: 0.2100
200/300 [===================>..........] - ETA: 0s - loss: 2.8246 - acc: 0.2000
300/300 [==============================] - 0s 1ms/step - loss: 2.8295 - acc: 0.1967 - val_loss: 3.4744 - val_acc: 0.0667
Epoch 6/50

100/300 [=========>....................] - ETA: 0s - loss: 2.4567 - acc: 0.2800
200/300 [===================>..........] - ETA: 0s - loss: 2.6043 - acc: 0.2350
300/300 [==============================] - 0s 1ms/step - loss: 2.7201 - acc: 0.2067 - val_loss: 3.5622 - val_acc: 0.0800
Epoch 7/50

100/300 [=========>....................] - ETA: 0s - loss: 2.3659 - acc: 0.4400
200/300 [===================>..........] - ETA: 0s - loss: 2.2748 - acc: 0.4350
300/300 [==============================] - 0s 1ms/step - loss: 2.3179 - acc: 0.3867 - val_loss: 3.4669 - val_acc: 0.1067
Epoch 8/50

100/300 [=========>....................] - ETA: 0s - loss: 1.7888 - acc: 0.5500
200/300 [===================>..........] - ETA: 0s - loss: 1.9585 - acc: 0.4500
300/300 [==============================] - 0s 1ms/step - loss: 2.0033 - acc: 0.4333 - val_loss: 4.0428 - val_acc: 0.0867
Epoch 9/50

100/300 [=========>....................] - ETA: 0s - loss: 2.0916 - acc: 0.4200
200/300 [===================>..........] - ETA: 0s - loss: 2.0821 - acc: 0.4100
300/300 [==============================] - 0s 1ms/step - loss: 2.0610 - acc: 0.4033 - val_loss: 3.7925 - val_acc: 0.1133
Epoch 10/50

100/300 [=========>....................] - ETA: 0s - loss: 1.6221 - acc: 0.5900
200/300 [===================>..........] - ETA: 0s - loss: 1.5391 - acc: 0.5950
300/300 [==============================] - 0s 1ms/step - loss: 1.5681 - acc: 0.5500 - val_loss: 3.7882 - val_acc: 0.0667
Epoch 11/50

100/300 [=========>....................] - ETA: 0s - loss: 1.3272 - acc: 0.6600
200/300 [===================>..........] - ETA: 0s - loss: 1.3077 - acc: 0.6400
300/300 [==============================] - 0s 1ms/step - loss: 1.3447 - acc: 0.6433 - val_loss: 3.8884 - val_acc: 0.1267
Epoch 12/50

100/300 [=========>....................] - ETA: 0s - loss: 1.0227 - acc: 0.6500
200/300 [===================>..........] - ETA: 0s - loss: 1.0442 - acc: 0.6750
300/300 [==============================] - 0s 1ms/step - loss: 1.0969 - acc: 0.6933 - val_loss: 3.9130 - val_acc: 0.1467
Epoch 13/50

100/300 [=========>....................] - ETA: 0s - loss: 0.9437 - acc: 0.7200
200/300 [===================>..........] - ETA: 0s - loss: 0.9813 - acc: 0.7150
300/300 [==============================] - 0s 1ms/step - loss: 1.0562 - acc: 0.6933 - val_loss: 4.1324 - val_acc: 0.1467
Epoch 14/50

100/300 [=========>....................] - ETA: 0s - loss: 0.8624 - acc: 0.8000
200/300 [===================>..........] - ETA: 0s - loss: 0.8382 - acc: 0.8250
300/300 [==============================] - 0s 1ms/step - loss: 0.8783 - acc: 0.7933 - val_loss: 4.1299 - val_acc: 0.1333
Epoch 15/50

100/300 [=========>....................] - ETA: 0s - loss: 0.5890 - acc: 0.8700
200/300 [===================>..........] - ETA: 0s - loss: 0.7673 - acc: 0.7600
300/300 [==============================] - 0s 1ms/step - loss: 0.8793 - acc: 0.7367 - val_loss: 3.8453 - val_acc: 0.1333
Epoch 16/50

100/300 [=========>....................] - ETA: 0s - loss: 0.8029 - acc: 0.7900
200/300 [===================>..........] - ETA: 0s - loss: 0.6603 - acc: 0.8350
300/300 [==============================] - 0s 1ms/step - loss: 0.6404 - acc: 0.8433 - val_loss: 3.9528 - val_acc: 0.1600
Epoch 17/50

100/300 [=========>....................] - ETA: 0s - loss: 0.4288 - acc: 0.9200
200/300 [===================>..........] - ETA: 0s - loss: 0.4401 - acc: 0.9150
300/300 [==============================] - 0s 1ms/step - loss: 0.4160 - acc: 0.9200 - val_loss: 4.4783 - val_acc: 0.1533
Epoch 18/50

100/300 [=========>....................] - ETA: 0s - loss: 0.3002 - acc: 0.9300
200/300 [===================>..........] - ETA: 0s - loss: 0.3224 - acc: 0.9250
300/300 [==============================] - 0s 1ms/step - loss: 0.3263 - acc: 0.9167 - val_loss: 4.3834 - val_acc: 0.1733
Epoch 19/50

100/300 [=========>....................] - ETA: 0s - loss: 0.2185 - acc: 0.9700
200/300 [===================>..........] - ETA: 0s - loss: 0.2701 - acc: 0.9450
300/300 [==============================] - 0s 1ms/step - loss: 0.2790 - acc: 0.9467 - val_loss: 4.5951 - val_acc: 0.1600
Epoch 20/50

100/300 [=========>....................] - ETA: 0s - loss: 0.1369 - acc: 0.9800
200/300 [===================>..........] - ETA: 0s - loss: 0.1600 - acc: 0.9800
300/300 [==============================] - 0s 1ms/step - loss: 0.1732 - acc: 0.9700 - val_loss: 4.7378 - val_acc: 0.1467
Epoch 21/50

100/300 [=========>....................] - ETA: 0s - loss: 0.2257 - acc: 0.9600
200/300 [===================>..........] - ETA: 0s - loss: 0.2116 - acc: 0.9550
300/300 [==============================] - 0s 1ms/step - loss: 0.2250 - acc: 0.9533 - val_loss: 4.5356 - val_acc: 0.1533
Epoch 22/50

100/300 [=========>....................] - ETA: 0s - loss: 0.1401 - acc: 0.9900
200/300 [===================>..........] - ETA: 0s - loss: 0.1426 - acc: 0.9800
300/300 [==============================] - 0s 1ms/step - loss: 0.1416 - acc: 0.9733 - val_loss: 4.7030 - val_acc: 0.1667
Epoch 23/50

100/300 [=========>....................] - ETA: 0s - loss: 0.1215 - acc: 0.9800
200/300 [===================>..........] - ETA: 0s - loss: 0.1050 - acc: 0.9850
300/300 [==============================] - 0s 1ms/step - loss: 0.1022 - acc: 0.9833 - val_loss: 4.8516 - val_acc: 0.1467
Epoch 24/50

100/300 [=========>....................] - ETA: 0s - loss: 0.0824 - acc: 0.9900
200/300 [===================>..........] - ETA: 0s - loss: 0.0929 - acc: 0.9800
300/300 [==============================] - 0s 1ms/step - loss: 0.1294 - acc: 0.9667 - val_loss: 5.1239 - val_acc: 0.1733
Epoch 25/50

100/300 [=========>....................] - ETA: 0s - loss: 0.3192 - acc: 0.9000
200/300 [===================>..........] - ETA: 0s - loss: 0.2521 - acc: 0.9300
300/300 [==============================] - 0s 1ms/step - loss: 0.2047 - acc: 0.9433 - val_loss: 4.7487 - val_acc: 0.1667
Epoch 26/50

100/300 [=========>....................] - ETA: 0s - loss: 0.1229 - acc: 0.9800
200/300 [===================>..........] - ETA: 0s - loss: 0.1172 - acc: 0.9850
300/300 [==============================] - 0s 1ms/step - loss: 0.1170 - acc: 0.9833 - val_loss: 4.7673 - val_acc: 0.1533
Epoch 27/50

100/300 [=========>....................] - ETA: 0s - loss: 0.1043 - acc: 0.9800
200/300 [===================>..........] - ETA: 0s - loss: 0.0810 - acc: 0.9850
300/300 [==============================] - 0s 1ms/step - loss: 0.0781 - acc: 0.9800 - val_loss: 4.8190 - val_acc: 0.1933
Epoch 28/50

100/300 [=========>....................] - ETA: 0s - loss: 0.0363 - acc: 0.9900
200/300 [===================>..........] - ETA: 0s - loss: 0.0366 - acc: 0.9950
300/300 [==============================] - 0s 1ms/step - loss: 0.0462 - acc: 0.9933 - val_loss: 5.2014 - val_acc: 0.1800
Epoch 29/50

100/300 [=========>....................] - ETA: 0s - loss: 0.1076 - acc: 0.9700
200/300 [===================>..........] - ETA: 0s - loss: 0.0794 - acc: 0.9850
300/300 [==============================] - 0s 1ms/step - loss: 0.0682 - acc: 0.9833 - val_loss: 5.2040 - val_acc: 0.1733
Epoch 30/50

100/300 [=========>....................] - ETA: 0s - loss: 0.0899 - acc: 0.9800
200/300 [===================>..........] - ETA: 0s - loss: 0.0703 - acc: 0.9850
300/300 [==============================] - 0s 1ms/step - loss: 0.0577 - acc: 0.9900 - val_loss: 5.0570 - val_acc: 0.1733
Epoch 31/50

100/300 [=========>....................] - ETA: 0s - loss: 0.0494 - acc: 0.9800
200/300 [===================>..........] - ETA: 0s - loss: 0.0524 - acc: 0.9850
300/300 [==============================] - 0s 1ms/step - loss: 0.0579 - acc: 0.9867 - val_loss: 5.2725 - val_acc: 0.1733
Epoch 32/50

100/300 [=========>....................] - ETA: 0s - loss: 0.0672 - acc: 0.9900
200/300 [===================>..........] - ETA: 0s - loss: 0.0666 - acc: 0.9900
300/300 [==============================] - 0s 1ms/step - loss: 0.0716 - acc: 0.9833 - val_loss: 5.1631 - val_acc: 0.1467
Epoch 33/50

100/300 [=========>....................] - ETA: 0s - loss: 0.0555 - acc: 0.9900
200/300 [===================>..........] - ETA: 0s - loss: 0.0682 - acc: 0.9900
300/300 [==============================] - 0s 1ms/step - loss: 0.0703 - acc: 0.9833 - val_loss: 5.1491 - val_acc: 0.1600
Epoch 34/50

100/300 [=========>....................] - ETA: 0s - loss: 0.0440 - acc: 1.0000
200/300 [===================>..........] - ETA: 0s - loss: 0.0377 - acc: 1.0000
300/300 [==============================] - 0s 1ms/step - loss: 0.0394 - acc: 1.0000 - val_loss: 5.1650 - val_acc: 0.1800
Epoch 35/50

100/300 [=========>....................] - ETA: 0s - loss: 0.0318 - acc: 1.0000
200/300 [===================>..........] - ETA: 0s - loss: 0.0332 - acc: 1.0000
300/300 [==============================] - 0s 1ms/step - loss: 0.0311 - acc: 1.0000 - val_loss: 5.4200 - val_acc: 0.1800
Epoch 36/50

100/300 [=========>....................] - ETA: 0s - loss: 0.0341 - acc: 0.9900
200/300 [===================>..........] - ETA: 0s - loss: 0.0269 - acc: 0.9950
300/300 [==============================] - 0s 1ms/step - loss: 0.0297 - acc: 0.9967 - val_loss: 5.4091 - val_acc: 0.1867
Epoch 37/50

100/300 [=========>....................] - ETA: 0s - loss: 0.0338 - acc: 1.0000
200/300 [===================>..........] - ETA: 0s - loss: 0.0294 - acc: 1.0000
300/300 [==============================] - 0s 1ms/step - loss: 0.0334 - acc: 1.0000 - val_loss: 5.6294 - val_acc: 0.1800
Epoch 38/50

100/300 [=========>....................] - ETA: 0s - loss: 0.0429 - acc: 0.9900
200/300 [===================>..........] - ETA: 0s - loss: 0.0612 - acc: 0.9850
300/300 [==============================] - 0s 1ms/step - loss: 0.0610 - acc: 0.9867 - val_loss: 5.7263 - val_acc: 0.1533
Epoch 39/50

100/300 [=========>....................] - ETA: 0s - loss: 0.0661 - acc: 0.9800
200/300 [===================>..........] - ETA: 0s - loss: 0.0610 - acc: 0.9800
300/300 [==============================] - 0s 1ms/step - loss: 0.0750 - acc: 0.9800 - val_loss: 5.7534 - val_acc: 0.1667
Epoch 40/50

100/300 [=========>....................] - ETA: 0s - loss: 0.0594 - acc: 0.9800
200/300 [===================>..........] - ETA: 0s - loss: 0.0487 - acc: 0.9900
300/300 [==============================] - 0s 1ms/step - loss: 0.0472 - acc: 0.9867 - val_loss: 5.6201 - val_acc: 0.1733
Epoch 41/50

100/300 [=========>....................] - ETA: 0s - loss: 0.0586 - acc: 0.9800
200/300 [===================>..........] - ETA: 0s - loss: 0.0470 - acc: 0.9900
300/300 [==============================] - 0s 1ms/step - loss: 0.0382 - acc: 0.9933 - val_loss: 5.4500 - val_acc: 0.1800
Epoch 42/50

100/300 [=========>....................] - ETA: 0s - loss: 0.0245 - acc: 1.0000
200/300 [===================>..........] - ETA: 0s - loss: 0.0291 - acc: 1.0000
300/300 [==============================] - 0s 1ms/step - loss: 0.0253 - acc: 1.0000 - val_loss: 5.7397 - val_acc: 0.1667
Epoch 43/50

100/300 [=========>....................] - ETA: 0s - loss: 0.0133 - acc: 1.0000
200/300 [===================>..........] - ETA: 0s - loss: 0.0160 - acc: 1.0000
300/300 [==============================] - 0s 1ms/step - loss: 0.0245 - acc: 0.9967 - val_loss: 5.7543 - val_acc: 0.1800
Epoch 44/50

100/300 [=========>....................] - ETA: 0s - loss: 0.0306 - acc: 0.9900
200/300 [===================>..........] - ETA: 0s - loss: 0.0284 - acc: 0.9950
300/300 [==============================] - 0s 1ms/step - loss: 0.0239 - acc: 0.9967 - val_loss: 5.5944 - val_acc: 0.1600
Epoch 45/50

100/300 [=========>....................] - ETA: 0s - loss: 0.0450 - acc: 0.9800
200/300 [===================>..........] - ETA: 0s - loss: 0.0544 - acc: 0.9750
300/300 [==============================] - 0s 1ms/step - loss: 0.0474 - acc: 0.9833 - val_loss: 5.6037 - val_acc: 0.1800
Epoch 46/50

100/300 [=========>....................] - ETA: 0s - loss: 0.0355 - acc: 1.0000
200/300 [===================>..........] - ETA: 0s - loss: 0.0360 - acc: 0.9950
300/300 [==============================] - 0s 1ms/step - loss: 0.0374 - acc: 0.9933 - val_loss: 5.7051 - val_acc: 0.1600
Epoch 47/50

100/300 [=========>....................] - ETA: 0s - loss: 0.0394 - acc: 0.9900
200/300 [===================>..........] - ETA: 0s - loss: 0.0473 - acc: 0.9900
300/300 [==============================] - 0s 1ms/step - loss: 0.0369 - acc: 0.9933 - val_loss: 5.5892 - val_acc: 0.1667
Epoch 48/50

100/300 [=========>....................] - ETA: 0s - loss: 0.0122 - acc: 1.0000
200/300 [===================>..........] - ETA: 0s - loss: 0.0162 - acc: 1.0000
300/300 [==============================] - 0s 1ms/step - loss: 0.0167 - acc: 1.0000 - val_loss: 5.6546 - val_acc: 0.1733
Epoch 49/50

100/300 [=========>....................] - ETA: 0s - loss: 0.0224 - acc: 0.9900
200/300 [===================>..........] - ETA: 0s - loss: 0.0174 - acc: 0.9950
300/300 [==============================] - 0s 1ms/step - loss: 0.0235 - acc: 0.9933 - val_loss: 5.6707 - val_acc: 0.1667
Epoch 50/50

100/300 [=========>....................] - ETA: 0s - loss: 0.0432 - acc: 0.9900
200/300 [===================>..........] - ETA: 0s - loss: 0.0318 - acc: 0.9900
300/300 [==============================] - 0s 1ms/step - loss: 0.0264 - acc: 0.9933 - val_loss: 5.8678 - val_acc: 0.1667
Saved model to disk
