
You entered  model_3
Train on 300 samples, validate on 150 samples
Epoch 1/50

100/300 [=========>....................] - ETA: 3s - loss: 5.8330 - acc: 0.0100
200/300 [===================>..........] - ETA: 0s - loss: 4.8209 - acc: 0.0250
300/300 [==============================] - 2s 7ms/step - loss: 4.4868 - acc: 0.0267 - val_loss: 3.5338 - val_acc: 0.0333
Epoch 2/50

100/300 [=========>....................] - ETA: 0s - loss: 3.5955 - acc: 0.0500
200/300 [===================>..........] - ETA: 0s - loss: 3.6257 - acc: 0.0400
300/300 [==============================] - 0s 1ms/step - loss: 3.6612 - acc: 0.0400 - val_loss: 3.5383 - val_acc: 0.0533
Epoch 3/50

100/300 [=========>....................] - ETA: 0s - loss: 3.5219 - acc: 0.0300
200/300 [===================>..........] - ETA: 0s - loss: 3.5364 - acc: 0.0350
300/300 [==============================] - 0s 1ms/step - loss: 3.5747 - acc: 0.0367 - val_loss: 3.5466 - val_acc: 0.0467
Epoch 4/50

100/300 [=========>....................] - ETA: 0s - loss: 3.5016 - acc: 0.0900
200/300 [===================>..........] - ETA: 0s - loss: 3.4927 - acc: 0.0800
300/300 [==============================] - 0s 1ms/step - loss: 3.5232 - acc: 0.0800 - val_loss: 3.5366 - val_acc: 0.0467
Epoch 5/50

100/300 [=========>....................] - ETA: 0s - loss: 3.5503 - acc: 0.0400
200/300 [===================>..........] - ETA: 0s - loss: 3.5456 - acc: 0.0600
300/300 [==============================] - 0s 1ms/step - loss: 3.5230 - acc: 0.0567 - val_loss: 3.5182 - val_acc: 0.0533
Epoch 6/50

100/300 [=========>....................] - ETA: 0s - loss: 3.5053 - acc: 0.0600
200/300 [===================>..........] - ETA: 0s - loss: 3.5166 - acc: 0.0650
300/300 [==============================] - 0s 1ms/step - loss: 3.4926 - acc: 0.0700 - val_loss: 3.5351 - val_acc: 0.0467
Epoch 7/50

100/300 [=========>....................] - ETA: 0s - loss: 3.5093 - acc: 0.0500
200/300 [===================>..........] - ETA: 0s - loss: 3.5117 - acc: 0.0500
300/300 [==============================] - 0s 1ms/step - loss: 3.4923 - acc: 0.0533 - val_loss: 3.4792 - val_acc: 0.0267
Epoch 8/50

100/300 [=========>....................] - ETA: 0s - loss: 3.4307 - acc: 0.1000
200/300 [===================>..........] - ETA: 0s - loss: 3.4166 - acc: 0.0950
300/300 [==============================] - 0s 1ms/step - loss: 3.4302 - acc: 0.0967 - val_loss: 3.4959 - val_acc: 0.0267
Epoch 9/50

100/300 [=========>....................] - ETA: 0s - loss: 3.3618 - acc: 0.0900
200/300 [===================>..........] - ETA: 0s - loss: 3.4335 - acc: 0.0600
300/300 [==============================] - 0s 1ms/step - loss: 3.4132 - acc: 0.0633 - val_loss: 3.4819 - val_acc: 0.0533
Epoch 10/50

100/300 [=========>....................] - ETA: 0s - loss: 3.4603 - acc: 0.0700
200/300 [===================>..........] - ETA: 0s - loss: 3.4252 - acc: 0.0750
300/300 [==============================] - 0s 1ms/step - loss: 3.4054 - acc: 0.0833 - val_loss: 3.5010 - val_acc: 0.0667
Epoch 11/50

100/300 [=========>....................] - ETA: 0s - loss: 3.3086 - acc: 0.1000
200/300 [===================>..........] - ETA: 0s - loss: 3.3546 - acc: 0.0650
300/300 [==============================] - 0s 1ms/step - loss: 3.3377 - acc: 0.0900 - val_loss: 3.4869 - val_acc: 0.0600
Epoch 12/50

100/300 [=========>....................] - ETA: 0s - loss: 3.1075 - acc: 0.1400
200/300 [===================>..........] - ETA: 0s - loss: 3.3326 - acc: 0.1100
300/300 [==============================] - 0s 1ms/step - loss: 3.3393 - acc: 0.1067 - val_loss: 3.4728 - val_acc: 0.0467
Epoch 13/50

100/300 [=========>....................] - ETA: 0s - loss: 3.3097 - acc: 0.1000
200/300 [===================>..........] - ETA: 0s - loss: 3.2268 - acc: 0.1550
300/300 [==============================] - 0s 1ms/step - loss: 3.2475 - acc: 0.1533 - val_loss: 3.4851 - val_acc: 0.0667
Epoch 14/50

100/300 [=========>....................] - ETA: 0s - loss: 3.2970 - acc: 0.0800
200/300 [===================>..........] - ETA: 0s - loss: 3.2448 - acc: 0.0900
300/300 [==============================] - 0s 1ms/step - loss: 3.2508 - acc: 0.1100 - val_loss: 3.4755 - val_acc: 0.0533
Epoch 15/50

100/300 [=========>....................] - ETA: 0s - loss: 3.1098 - acc: 0.1200
200/300 [===================>..........] - ETA: 0s - loss: 3.1403 - acc: 0.1350
300/300 [==============================] - 0s 1ms/step - loss: 3.1032 - acc: 0.1433 - val_loss: 3.4811 - val_acc: 0.0533
Epoch 16/50

100/300 [=========>....................] - ETA: 0s - loss: 3.0785 - acc: 0.1400
200/300 [===================>..........] - ETA: 0s - loss: 3.1733 - acc: 0.1350
300/300 [==============================] - 0s 1ms/step - loss: 3.1190 - acc: 0.1533 - val_loss: 3.4384 - val_acc: 0.0667
Epoch 17/50

100/300 [=========>....................] - ETA: 0s - loss: 3.2057 - acc: 0.1800
200/300 [===================>..........] - ETA: 0s - loss: 3.2299 - acc: 0.1600
300/300 [==============================] - 0s 1ms/step - loss: 3.1973 - acc: 0.1400 - val_loss: 3.4571 - val_acc: 0.0667
Epoch 18/50

100/300 [=========>....................] - ETA: 0s - loss: 2.9246 - acc: 0.2200
200/300 [===================>..........] - ETA: 0s - loss: 2.9770 - acc: 0.2300
300/300 [==============================] - 0s 1ms/step - loss: 3.0602 - acc: 0.2033 - val_loss: 3.4284 - val_acc: 0.0733
Epoch 19/50

100/300 [=========>....................] - ETA: 0s - loss: 2.9670 - acc: 0.1700
200/300 [===================>..........] - ETA: 0s - loss: 2.9312 - acc: 0.1600
300/300 [==============================] - 0s 1ms/step - loss: 2.9370 - acc: 0.1700 - val_loss: 3.4396 - val_acc: 0.0867
Epoch 20/50

100/300 [=========>....................] - ETA: 0s - loss: 2.9382 - acc: 0.1800
200/300 [===================>..........] - ETA: 0s - loss: 2.9917 - acc: 0.1550
300/300 [==============================] - 0s 1ms/step - loss: 2.9588 - acc: 0.1733 - val_loss: 3.4374 - val_acc: 0.0800
Epoch 21/50

100/300 [=========>....................] - ETA: 0s - loss: 3.0105 - acc: 0.1400
200/300 [===================>..........] - ETA: 0s - loss: 2.9639 - acc: 0.1550
300/300 [==============================] - 0s 1ms/step - loss: 2.9276 - acc: 0.1767 - val_loss: 3.5088 - val_acc: 0.0800
Epoch 22/50

100/300 [=========>....................] - ETA: 0s - loss: 2.9756 - acc: 0.1800
200/300 [===================>..........] - ETA: 0s - loss: 2.9170 - acc: 0.1950
300/300 [==============================] - 0s 1ms/step - loss: 2.8885 - acc: 0.2067 - val_loss: 3.4445 - val_acc: 0.1000
Epoch 23/50

100/300 [=========>....................] - ETA: 0s - loss: 2.7007 - acc: 0.2400
200/300 [===================>..........] - ETA: 0s - loss: 2.7787 - acc: 0.2400
300/300 [==============================] - 0s 1ms/step - loss: 2.8042 - acc: 0.2433 - val_loss: 3.5152 - val_acc: 0.0800
Epoch 24/50

100/300 [=========>....................] - ETA: 0s - loss: 2.7069 - acc: 0.2100
200/300 [===================>..........] - ETA: 0s - loss: 2.7529 - acc: 0.2100
300/300 [==============================] - 0s 1ms/step - loss: 2.8212 - acc: 0.2000 - val_loss: 3.3893 - val_acc: 0.0867
Epoch 25/50

100/300 [=========>....................] - ETA: 0s - loss: 2.6301 - acc: 0.3000
200/300 [===================>..........] - ETA: 0s - loss: 2.7109 - acc: 0.2550
300/300 [==============================] - 0s 1ms/step - loss: 2.7430 - acc: 0.2633 - val_loss: 3.4458 - val_acc: 0.1067
Epoch 26/50

100/300 [=========>....................] - ETA: 0s - loss: 2.4668 - acc: 0.3000
200/300 [===================>..........] - ETA: 0s - loss: 2.7619 - acc: 0.2700
300/300 [==============================] - 0s 1ms/step - loss: 2.7278 - acc: 0.2800 - val_loss: 3.4157 - val_acc: 0.1067
Epoch 27/50

100/300 [=========>....................] - ETA: 0s - loss: 2.6601 - acc: 0.2300
200/300 [===================>..........] - ETA: 0s - loss: 2.6244 - acc: 0.2650
300/300 [==============================] - 0s 1ms/step - loss: 2.6100 - acc: 0.2567 - val_loss: 3.4661 - val_acc: 0.0933
Epoch 28/50

100/300 [=========>....................] - ETA: 0s - loss: 2.4148 - acc: 0.3200
200/300 [===================>..........] - ETA: 0s - loss: 2.4294 - acc: 0.3100
300/300 [==============================] - 0s 1ms/step - loss: 2.4310 - acc: 0.3133 - val_loss: 3.4683 - val_acc: 0.0867
Epoch 29/50

100/300 [=========>....................] - ETA: 0s - loss: 2.3357 - acc: 0.3500
200/300 [===================>..........] - ETA: 0s - loss: 2.5235 - acc: 0.2900
300/300 [==============================] - 0s 1ms/step - loss: 2.6771 - acc: 0.2567 - val_loss: 3.3467 - val_acc: 0.1000
Epoch 30/50

100/300 [=========>....................] - ETA: 0s - loss: 2.5337 - acc: 0.3100
200/300 [===================>..........] - ETA: 0s - loss: 2.4720 - acc: 0.3300
300/300 [==============================] - 0s 1ms/step - loss: 2.4331 - acc: 0.3267 - val_loss: 3.5071 - val_acc: 0.1200
Epoch 31/50

100/300 [=========>....................] - ETA: 0s - loss: 2.2874 - acc: 0.3400
200/300 [===================>..........] - ETA: 0s - loss: 2.4493 - acc: 0.2850
300/300 [==============================] - 0s 1ms/step - loss: 2.4891 - acc: 0.2667 - val_loss: 3.4022 - val_acc: 0.1267
Epoch 32/50

100/300 [=========>....................] - ETA: 0s - loss: 2.4029 - acc: 0.3000
200/300 [===================>..........] - ETA: 0s - loss: 2.2504 - acc: 0.3300
300/300 [==============================] - 0s 1ms/step - loss: 2.2801 - acc: 0.3433 - val_loss: 3.3950 - val_acc: 0.1000
Epoch 33/50

100/300 [=========>....................] - ETA: 0s - loss: 2.2937 - acc: 0.2800
200/300 [===================>..........] - ETA: 0s - loss: 2.2341 - acc: 0.3050
300/300 [==============================] - 0s 1ms/step - loss: 2.2620 - acc: 0.3233 - val_loss: 3.4735 - val_acc: 0.1400
Epoch 34/50

100/300 [=========>....................] - ETA: 0s - loss: 2.3358 - acc: 0.3700
200/300 [===================>..........] - ETA: 0s - loss: 2.1857 - acc: 0.4100
300/300 [==============================] - 0s 1ms/step - loss: 2.1707 - acc: 0.4033 - val_loss: 3.4101 - val_acc: 0.1333
Epoch 35/50

100/300 [=========>....................] - ETA: 0s - loss: 1.9961 - acc: 0.4600
200/300 [===================>..........] - ETA: 0s - loss: 2.1200 - acc: 0.4200
300/300 [==============================] - 0s 1ms/step - loss: 2.1785 - acc: 0.4033 - val_loss: 3.4237 - val_acc: 0.1533
Epoch 36/50

100/300 [=========>....................] - ETA: 0s - loss: 1.8951 - acc: 0.4500
200/300 [===================>..........] - ETA: 0s - loss: 1.8485 - acc: 0.4550
300/300 [==============================] - 0s 1ms/step - loss: 1.9668 - acc: 0.4300 - val_loss: 3.5015 - val_acc: 0.1200
Epoch 37/50

100/300 [=========>....................] - ETA: 0s - loss: 1.9837 - acc: 0.3800
200/300 [===================>..........] - ETA: 0s - loss: 1.9222 - acc: 0.4250
300/300 [==============================] - 0s 1ms/step - loss: 2.0229 - acc: 0.4067 - val_loss: 3.3740 - val_acc: 0.1667
Epoch 38/50

100/300 [=========>....................] - ETA: 0s - loss: 1.9346 - acc: 0.4500
200/300 [===================>..........] - ETA: 0s - loss: 1.9000 - acc: 0.4550
300/300 [==============================] - 0s 1ms/step - loss: 1.9063 - acc: 0.4433 - val_loss: 3.7032 - val_acc: 0.1133
Epoch 39/50

100/300 [=========>....................] - ETA: 0s - loss: 2.0897 - acc: 0.3900
200/300 [===================>..........] - ETA: 0s - loss: 2.1156 - acc: 0.3850
300/300 [==============================] - 0s 1ms/step - loss: 2.0461 - acc: 0.4167 - val_loss: 3.6949 - val_acc: 0.1267
Epoch 40/50

100/300 [=========>....................] - ETA: 0s - loss: 2.1753 - acc: 0.4100
200/300 [===================>..........] - ETA: 0s - loss: 2.0924 - acc: 0.4350
300/300 [==============================] - 0s 1ms/step - loss: 1.8983 - acc: 0.4767 - val_loss: 3.6161 - val_acc: 0.1333
Epoch 41/50

100/300 [=========>....................] - ETA: 0s - loss: 1.3432 - acc: 0.6100
200/300 [===================>..........] - ETA: 0s - loss: 1.5541 - acc: 0.5700
300/300 [==============================] - 0s 1ms/step - loss: 1.6480 - acc: 0.5433 - val_loss: 3.3992 - val_acc: 0.1533
Epoch 42/50

100/300 [=========>....................] - ETA: 0s - loss: 1.6482 - acc: 0.5800
200/300 [===================>..........] - ETA: 0s - loss: 1.6573 - acc: 0.5350
300/300 [==============================] - 0s 1ms/step - loss: 1.6193 - acc: 0.5233 - val_loss: 3.5739 - val_acc: 0.1533
Epoch 43/50

100/300 [=========>....................] - ETA: 0s - loss: 1.3202 - acc: 0.5600
200/300 [===================>..........] - ETA: 0s - loss: 1.5087 - acc: 0.5300
300/300 [==============================] - 0s 1ms/step - loss: 1.5741 - acc: 0.5267 - val_loss: 3.8064 - val_acc: 0.1400
Epoch 44/50

100/300 [=========>....................] - ETA: 0s - loss: 1.3704 - acc: 0.5800
200/300 [===================>..........] - ETA: 0s - loss: 1.5551 - acc: 0.5450
300/300 [==============================] - 0s 1ms/step - loss: 1.6178 - acc: 0.5433 - val_loss: 3.8093 - val_acc: 0.1200
Epoch 45/50

100/300 [=========>....................] - ETA: 0s - loss: 1.3563 - acc: 0.6700
200/300 [===================>..........] - ETA: 0s - loss: 1.4880 - acc: 0.5750
300/300 [==============================] - 0s 1ms/step - loss: 1.4768 - acc: 0.5600 - val_loss: 3.5966 - val_acc: 0.1800
Epoch 46/50

100/300 [=========>....................] - ETA: 0s - loss: 1.3278 - acc: 0.6100
200/300 [===================>..........] - ETA: 0s - loss: 1.3604 - acc: 0.5850
300/300 [==============================] - 0s 1ms/step - loss: 1.4294 - acc: 0.5667 - val_loss: 3.7647 - val_acc: 0.1467
Epoch 47/50

100/300 [=========>....................] - ETA: 0s - loss: 1.5471 - acc: 0.4800
200/300 [===================>..........] - ETA: 0s - loss: 1.5303 - acc: 0.4850
300/300 [==============================] - 0s 1ms/step - loss: 1.5098 - acc: 0.5167 - val_loss: 3.7761 - val_acc: 0.1667
Epoch 48/50

100/300 [=========>....................] - ETA: 0s - loss: 1.2546 - acc: 0.6200
200/300 [===================>..........] - ETA: 0s - loss: 1.2743 - acc: 0.6250
300/300 [==============================] - 0s 1ms/step - loss: 1.2648 - acc: 0.6300 - val_loss: 3.7453 - val_acc: 0.1867
Epoch 49/50

100/300 [=========>....................] - ETA: 0s - loss: 1.1571 - acc: 0.6500
200/300 [===================>..........] - ETA: 0s - loss: 1.1262 - acc: 0.6650
300/300 [==============================] - 0s 1ms/step - loss: 1.1920 - acc: 0.6333 - val_loss: 3.8186 - val_acc: 0.1933
Epoch 50/50

100/300 [=========>....................] - ETA: 0s - loss: 1.2737 - acc: 0.5500
200/300 [===================>..........] - ETA: 0s - loss: 1.1422 - acc: 0.6100
300/300 [==============================] - 0s 1ms/step - loss: 1.2091 - acc: 0.6200 - val_loss: 3.7518 - val_acc: 0.1533
Saved model to disk
